Determining if the Q_WS_X11 exist failed with the following output:
/usr/bin/make -f CMakeFiles/cmTryCompileExec.dir/build.make CMakeFiles/cmTryCompileExec.dir/build
/sw/bin/cmake -E cmake_progress_report /Users/ekeberg/programs/Qt/Look/build/CMakeFiles/CMakeTmp/CMakeFiles 1
Building C object CMakeFiles/cmTryCompileExec.dir/CheckSymbolExists.o
/usr/bin/gcc   -o CMakeFiles/cmTryCompileExec.dir/CheckSymbolExists.o   -c /Users/ekeberg/programs/Qt/Look/build/CMakeFiles/CMakeTmp/CheckSymbolExists.c
/Users/ekeberg/programs/Qt/Look/build/CMakeFiles/CMakeTmp/CheckSymbolExists.c: In function 'main':
/Users/ekeberg/programs/Qt/Look/build/CMakeFiles/CMakeTmp/CheckSymbolExists.c:8: error: 'Q_WS_X11' undeclared (first use in this function)
/Users/ekeberg/programs/Qt/Look/build/CMakeFiles/CMakeTmp/CheckSymbolExists.c:8: error: (Each undeclared identifier is reported only once
/Users/ekeberg/programs/Qt/Look/build/CMakeFiles/CMakeTmp/CheckSymbolExists.c:8: error: for each function it appears in.)
make[1]: *** [CMakeFiles/cmTryCompileExec.dir/CheckSymbolExists.o] Error 1
make: *** [cmTryCompileExec/fast] Error 2

File /Users/ekeberg/programs/Qt/Look/build/CMakeFiles/CMakeTmp/CheckSymbolExists.c:
/* */
#include <QtCore/qglobal.h>

void cmakeRequireSymbol(int dummy,...){(void)dummy;}
int main()
{
#ifndef Q_WS_X11
  cmakeRequireSymbol(0,&Q_WS_X11);
#endif
  return 0;
}

Determining if the Q_WS_WIN exist failed with the following output:
/usr/bin/make -f CMakeFiles/cmTryCompileExec.dir/build.make CMakeFiles/cmTryCompileExec.dir/build
/sw/bin/cmake -E cmake_progress_report /Users/ekeberg/programs/Qt/Look/build/CMakeFiles/CMakeTmp/CMakeFiles 1
Building C object CMakeFiles/cmTryCompileExec.dir/CheckSymbolExists.o
/usr/bin/gcc   -o CMakeFiles/cmTryCompileExec.dir/CheckSymbolExists.o   -c /Users/ekeberg/programs/Qt/Look/build/CMakeFiles/CMakeTmp/CheckSymbolExists.c
/Users/ekeberg/programs/Qt/Look/build/CMakeFiles/CMakeTmp/CheckSymbolExists.c: In function 'main':
/Users/ekeberg/programs/Qt/Look/build/CMakeFiles/CMakeTmp/CheckSymbolExists.c:8: error: 'Q_WS_WIN' undeclared (first use in this function)
/Users/ekeberg/programs/Qt/Look/build/CMakeFiles/CMakeTmp/CheckSymbolExists.c:8: error: (Each undeclared identifier is reported only once
/Users/ekeberg/programs/Qt/Look/build/CMakeFiles/CMakeTmp/CheckSymbolExists.c:8: error: for each function it appears in.)
make[1]: *** [CMakeFiles/cmTryCompileExec.dir/CheckSymbolExists.o] Error 1
make: *** [cmTryCompileExec/fast] Error 2

File /Users/ekeberg/programs/Qt/Look/build/CMakeFiles/CMakeTmp/CheckSymbolExists.c:
/* */
#include <QtCore/qglobal.h>

void cmakeRequireSymbol(int dummy,...){(void)dummy;}
int main()
{
#ifndef Q_WS_WIN
  cmakeRequireSymbol(0,&Q_WS_WIN);
#endif
  return 0;
}

Determining if the Q_WS_WIN exist failed with the following output:
/usr/bin/make -f CMakeFiles/cmTryCompileExec.dir/build.make CMakeFiles/cmTryCompileExec.dir/build
make[1]: Entering directory `/home/tomas/Qt/Look/build/CMakeFiles/CMakeTmp'
/usr/bin/cmake -E cmake_progress_report /home/tomas/Qt/Look/build/CMakeFiles/CMakeTmp/CMakeFiles 1
Building C object CMakeFiles/cmTryCompileExec.dir/CheckSymbolExists.o
/usr/bin/gcc  -I/usr/include/qt4   -o CMakeFiles/cmTryCompileExec.dir/CheckSymbolExists.o   -c /home/tomas/Qt/Look/build/CMakeFiles/CMakeTmp/CheckSymbolExists.c
/home/tomas/Qt/Look/build/CMakeFiles/CMakeTmp/CheckSymbolExists.c: In function 'main':
/home/tomas/Qt/Look/build/CMakeFiles/CMakeTmp/CheckSymbolExists.c:8: error: 'Q_WS_WIN' undeclared (first use in this function)
/home/tomas/Qt/Look/build/CMakeFiles/CMakeTmp/CheckSymbolExists.c:8: error: (Each undeclared identifier is reported only once
/home/tomas/Qt/Look/build/CMakeFiles/CMakeTmp/CheckSymbolExists.c:8: error: for each function it appears in.)
make[1]: *** [CMakeFiles/cmTryCompileExec.dir/CheckSymbolExists.o] Fel 1
make[1]: Leaving directory `/home/tomas/Qt/Look/build/CMakeFiles/CMakeTmp'
make: *** [cmTryCompileExec/fast] Fel 2

File /home/tomas/Qt/Look/build/CMakeFiles/CMakeTmp/CheckSymbolExists.c:
/* */
#include <QtCore/qglobal.h>

void cmakeRequireSymbol(int dummy,...){(void)dummy;}
int main()
{
#ifndef Q_WS_WIN
  cmakeRequireSymbol(0,&Q_WS_WIN);
#endif
  return 0;
}

Determining if the Q_WS_QWS exist failed with the following output:
/usr/bin/make -f CMakeFiles/cmTryCompileExec.dir/build.make CMakeFiles/cmTryCompileExec.dir/build
make[1]: Entering directory `/home/tomas/Qt/Look/build/CMakeFiles/CMakeTmp'
/usr/bin/cmake -E cmake_progress_report /home/tomas/Qt/Look/build/CMakeFiles/CMakeTmp/CMakeFiles 1
Building C object CMakeFiles/cmTryCompileExec.dir/CheckSymbolExists.o
/usr/bin/gcc  -I/usr/include/qt4   -o CMakeFiles/cmTryCompileExec.dir/CheckSymbolExists.o   -c /home/tomas/Qt/Look/build/CMakeFiles/CMakeTmp/CheckSymbolExists.c
/home/tomas/Qt/Look/build/CMakeFiles/CMakeTmp/CheckSymbolExists.c: In function 'main':
/home/tomas/Qt/Look/build/CMakeFiles/CMakeTmp/CheckSymbolExists.c:8: error: 'Q_WS_QWS' undeclared (first use in this function)
/home/tomas/Qt/Look/build/CMakeFiles/CMakeTmp/CheckSymbolExists.c:8: error: (Each undeclared identifier is reported only once
/home/tomas/Qt/Look/build/CMakeFiles/CMakeTmp/CheckSymbolExists.c:8: error: for each function it appears in.)
make[1]: *** [CMakeFiles/cmTryCompileExec.dir/CheckSymbolExists.o] Fel 1
make[1]: Leaving directory `/home/tomas/Qt/Look/build/CMakeFiles/CMakeTmp'
make: *** [cmTryCompileExec/fast] Fel 2

File /home/tomas/Qt/Look/build/CMakeFiles/CMakeTmp/CheckSymbolExists.c:
/* */
#include <QtCore/qglobal.h>

void cmakeRequireSymbol(int dummy,...){(void)dummy;}
int main()
{
#ifndef Q_WS_QWS
  cmakeRequireSymbol(0,&Q_WS_QWS);
#endif
  return 0;
}

Determining if the Q_WS_MAC exist failed with the following output:
/usr/bin/make -f CMakeFiles/cmTryCompileExec.dir/build.make CMakeFiles/cmTryCompileExec.dir/build
make[1]: Entering directory `/home/tomas/Qt/Look/build/CMakeFiles/CMakeTmp'
/usr/bin/cmake -E cmake_progress_report /home/tomas/Qt/Look/build/CMakeFiles/CMakeTmp/CMakeFiles 1
Building C object CMakeFiles/cmTryCompileExec.dir/CheckSymbolExists.o
/usr/bin/gcc  -I/usr/include/qt4   -o CMakeFiles/cmTryCompileExec.dir/CheckSymbolExists.o   -c /home/tomas/Qt/Look/build/CMakeFiles/CMakeTmp/CheckSymbolExists.c
/home/tomas/Qt/Look/build/CMakeFiles/CMakeTmp/CheckSymbolExists.c: In function 'main':
/home/tomas/Qt/Look/build/CMakeFiles/CMakeTmp/CheckSymbolExists.c:8: error: 'Q_WS_MAC' undeclared (first use in this function)
/home/tomas/Qt/Look/build/CMakeFiles/CMakeTmp/CheckSymbolExists.c:8: error: (Each undeclared identifier is reported only once
/home/tomas/Qt/Look/build/CMakeFiles/CMakeTmp/CheckSymbolExists.c:8: error: for each function it appears in.)
make[1]: *** [CMakeFiles/cmTryCompileExec.dir/CheckSymbolExists.o] Fel 1
make[1]: Leaving directory `/home/tomas/Qt/Look/build/CMakeFiles/CMakeTmp'
make: *** [cmTryCompileExec/fast] Fel 2

File /home/tomas/Qt/Look/build/CMakeFiles/CMakeTmp/CheckSymbolExists.c:
/* */
#include <QtCore/qglobal.h>

void cmakeRequireSymbol(int dummy,...){(void)dummy;}
int main()
{
#ifndef Q_WS_MAC
  cmakeRequireSymbol(0,&Q_WS_MAC);
#endif
  return 0;
}

Determining if the Q_WS_X11 exist failed with the following output:
/usr/bin/make -f CMakeFiles/cmTryCompileExec.dir/build.make CMakeFiles/cmTryCompileExec.dir/build
/sw/bin/cmake -E cmake_progress_report /Users/ekeberg/programs/Qt/Look/build/CMakeFiles/CMakeTmp/CMakeFiles 1
Building C object CMakeFiles/cmTryCompileExec.dir/CheckSymbolExists.o
/usr/bin/gcc   -o CMakeFiles/cmTryCompileExec.dir/CheckSymbolExists.o   -c /Users/ekeberg/programs/Qt/Look/build/CMakeFiles/CMakeTmp/CheckSymbolExists.c
/Users/ekeberg/programs/Qt/Look/build/CMakeFiles/CMakeTmp/CheckSymbolExists.c: In function 'main':
/Users/ekeberg/programs/Qt/Look/build/CMakeFiles/CMakeTmp/CheckSymbolExists.c:8: error: 'Q_WS_X11' undeclared (first use in this function)
/Users/ekeberg/programs/Qt/Look/build/CMakeFiles/CMakeTmp/CheckSymbolExists.c:8: error: (Each undeclared identifier is reported only once
/Users/ekeberg/programs/Qt/Look/build/CMakeFiles/CMakeTmp/CheckSymbolExists.c:8: error: for each function it appears in.)
make[1]: *** [CMakeFiles/cmTryCompileExec.dir/CheckSymbolExists.o] Error 1
make: *** [cmTryCompileExec/fast] Error 2

File /Users/ekeberg/programs/Qt/Look/build/CMakeFiles/CMakeTmp/CheckSymbolExists.c:
/* */
#include <QtCore/qglobal.h>

void cmakeRequireSymbol(int dummy,...){(void)dummy;}
int main()
{
#ifndef Q_WS_X11
  cmakeRequireSymbol(0,&Q_WS_X11);
#endif
  return 0;
}

Determining if the Q_WS_WIN exist failed with the following output:
/usr/bin/make -f CMakeFiles/cmTryCompileExec.dir/build.make CMakeFiles/cmTryCompileExec.dir/build
/sw/bin/cmake -E cmake_progress_report /Users/ekeberg/programs/Qt/Look/build/CMakeFiles/CMakeTmp/CMakeFiles 1
Building C object CMakeFiles/cmTryCompileExec.dir/CheckSymbolExists.o
/usr/bin/gcc   -o CMakeFiles/cmTryCompileExec.dir/CheckSymbolExists.o   -c /Users/ekeberg/programs/Qt/Look/build/CMakeFiles/CMakeTmp/CheckSymbolExists.c
/Users/ekeberg/programs/Qt/Look/build/CMakeFiles/CMakeTmp/CheckSymbolExists.c: In function 'main':
/Users/ekeberg/programs/Qt/Look/build/CMakeFiles/CMakeTmp/CheckSymbolExists.c:8: error: 'Q_WS_WIN' undeclared (first use in this function)
/Users/ekeberg/programs/Qt/Look/build/CMakeFiles/CMakeTmp/CheckSymbolExists.c:8: error: (Each undeclared identifier is reported only once
/Users/ekeberg/programs/Qt/Look/build/CMakeFiles/CMakeTmp/CheckSymbolExists.c:8: error: for each function it appears in.)
make[1]: *** [CMakeFiles/cmTryCompileExec.dir/CheckSymbolExists.o] Error 1
make: *** [cmTryCompileExec/fast] Error 2

File /Users/ekeberg/programs/Qt/Look/build/CMakeFiles/CMakeTmp/CheckSymbolExists.c:
/* */
#include <QtCore/qglobal.h>

void cmakeRequireSymbol(int dummy,...){(void)dummy;}
int main()
{
#ifndef Q_WS_WIN
  cmakeRequireSymbol(0,&Q_WS_WIN);
#endif
  return 0;
}

Determining if the Q_WS_WIN exist failed with the following output:
/usr/bin/make -f CMakeFiles/cmTryCompileExec.dir/build.make CMakeFiles/cmTryCompileExec.dir/build
make[1]: Entering directory `/home/alexei/Look/build/CMakeFiles/CMakeTmp'
/usr/bin/cmake -E cmake_progress_report /home/alexei/Look/build/CMakeFiles/CMakeTmp/CMakeFiles 1
Building C object CMakeFiles/cmTryCompileExec.dir/CheckSymbolExists.o
/usr/bin/gcc  -I/usr/include/qt4   -o CMakeFiles/cmTryCompileExec.dir/CheckSymbolExists.o   -c /home/alexei/Look/build/CMakeFiles/CMakeTmp/CheckSymbolExists.c
/home/alexei/Look/build/CMakeFiles/CMakeTmp/CheckSymbolExists.c: In function ‘main’:
/home/alexei/Look/build/CMakeFiles/CMakeTmp/CheckSymbolExists.c:8: error: ‘Q_WS_WIN’ undeclared (first use in this function)
/home/alexei/Look/build/CMakeFiles/CMakeTmp/CheckSymbolExists.c:8: error: (Each undeclared identifier is reported only once
/home/alexei/Look/build/CMakeFiles/CMakeTmp/CheckSymbolExists.c:8: error: for each function it appears in.)
make[1]: Leaving directory `/home/alexei/Look/build/CMakeFiles/CMakeTmp'
make[1]: *** [CMakeFiles/cmTryCompileExec.dir/CheckSymbolExists.o] Error 1
make: *** [cmTryCompileExec/fast] Error 2

File /home/alexei/Look/build/CMakeFiles/CMakeTmp/CheckSymbolExists.c:
/* */
#include <QtCore/qglobal.h>

void cmakeRequireSymbol(int dummy,...){(void)dummy;}
int main()
{
#ifndef Q_WS_WIN
  cmakeRequireSymbol(0,&Q_WS_WIN);
#endif
  return 0;
}

Determining if the Q_WS_QWS exist failed with the following output:
/usr/bin/make -f CMakeFiles/cmTryCompileExec.dir/build.make CMakeFiles/cmTryCompileExec.dir/build
make[1]: Entering directory `/home/alexei/Look/build/CMakeFiles/CMakeTmp'
/usr/bin/cmake -E cmake_progress_report /home/alexei/Look/build/CMakeFiles/CMakeTmp/CMakeFiles 1
Building C object CMakeFiles/cmTryCompileExec.dir/CheckSymbolExists.o
/usr/bin/gcc  -I/usr/include/qt4   -o CMakeFiles/cmTryCompileExec.dir/CheckSymbolExists.o   -c /home/alexei/Look/build/CMakeFiles/CMakeTmp/CheckSymbolExists.c
/home/alexei/Look/build/CMakeFiles/CMakeTmp/CheckSymbolExists.c: In function ‘main’:
/home/alexei/Look/build/CMakeFiles/CMakeTmp/CheckSymbolExists.c:8: error: ‘Q_WS_QWS’ undeclared (first use in this function)
/home/alexei/Look/build/CMakeFiles/CMakeTmp/CheckSymbolExists.c:8: error: (Each undeclared identifier is reported only once
/home/alexei/Look/build/CMakeFiles/CMakeTmp/CheckSymbolExists.c:8: error: for each function it appears in.)
make[1]: Leaving directory `/home/alexei/Look/build/CMakeFiles/CMakeTmp'
make[1]: *** [CMakeFiles/cmTryCompileExec.dir/CheckSymbolExists.o] Error 1
make: *** [cmTryCompileExec/fast] Error 2

File /home/alexei/Look/build/CMakeFiles/CMakeTmp/CheckSymbolExists.c:
/* */
#include <QtCore/qglobal.h>

void cmakeRequireSymbol(int dummy,...){(void)dummy;}
int main()
{
#ifndef Q_WS_QWS
  cmakeRequireSymbol(0,&Q_WS_QWS);
#endif
  return 0;
}

Determining if the Q_WS_MAC exist failed with the following output:
/usr/bin/make -f CMakeFiles/cmTryCompileExec.dir/build.make CMakeFiles/cmTryCompileExec.dir/build
make[1]: Entering directory `/home/alexei/Look/build/CMakeFiles/CMakeTmp'
/usr/bin/cmake -E cmake_progress_report /home/alexei/Look/build/CMakeFiles/CMakeTmp/CMakeFiles 1
Building C object CMakeFiles/cmTryCompileExec.dir/CheckSymbolExists.o
/usr/bin/gcc  -I/usr/include/qt4   -o CMakeFiles/cmTryCompileExec.dir/CheckSymbolExists.o   -c /home/alexei/Look/build/CMakeFiles/CMakeTmp/CheckSymbolExists.c
/home/alexei/Look/build/CMakeFiles/CMakeTmp/CheckSymbolExists.c: In function ‘main’:
/home/alexei/Look/build/CMakeFiles/CMakeTmp/CheckSymbolExists.c:8: error: ‘Q_WS_MAC’ undeclared (first use in this function)
/home/alexei/Look/build/CMakeFiles/CMakeTmp/CheckSymbolExists.c:8: error: (Each undeclared identifier is reported only once
/home/alexei/Look/build/CMakeFiles/CMakeTmp/CheckSymbolExists.c:8: error: for each function it appears in.)
make[1]: Leaving directory `/home/alexei/Look/build/CMakeFiles/CMakeTmp'
make[1]: *** [CMakeFiles/cmTryCompileExec.dir/CheckSymbolExists.o] Error 1
make: *** [cmTryCompileExec/fast] Error 2

File /home/alexei/Look/build/CMakeFiles/CMakeTmp/CheckSymbolExists.c:
/* */
#include <QtCore/qglobal.h>

void cmakeRequireSymbol(int dummy,...){(void)dummy;}
int main()
{
#ifndef Q_WS_MAC
  cmakeRequireSymbol(0,&Q_WS_MAC);
#endif
  return 0;
}

Determining if the Q_WS_X11 exist failed with the following output:
/usr/bin/make -f CMakeFiles/cmTryCompileExec.dir/build.make CMakeFiles/cmTryCompileExec.dir/build
/sw/bin/cmake -E cmake_progress_report /Users/ekeberg/programs/Qt/Look/build/CMakeFiles/CMakeTmp/CMakeFiles 1
Building C object CMakeFiles/cmTryCompileExec.dir/CheckSymbolExists.o
/usr/bin/gcc   -o CMakeFiles/cmTryCompileExec.dir/CheckSymbolExists.o   -c /Users/ekeberg/programs/Qt/Look/build/CMakeFiles/CMakeTmp/CheckSymbolExists.c
/Users/ekeberg/programs/Qt/Look/build/CMakeFiles/CMakeTmp/CheckSymbolExists.c: In function 'main':
/Users/ekeberg/programs/Qt/Look/build/CMakeFiles/CMakeTmp/CheckSymbolExists.c:8: error: 'Q_WS_X11' undeclared (first use in this function)
/Users/ekeberg/programs/Qt/Look/build/CMakeFiles/CMakeTmp/CheckSymbolExists.c:8: error: (Each undeclared identifier is reported only once
/Users/ekeberg/programs/Qt/Look/build/CMakeFiles/CMakeTmp/CheckSymbolExists.c:8: error: for each function it appears in.)
make[1]: *** [CMakeFiles/cmTryCompileExec.dir/CheckSymbolExists.o] Error 1
make: *** [cmTryCompileExec/fast] Error 2

File /Users/ekeberg/programs/Qt/Look/build/CMakeFiles/CMakeTmp/CheckSymbolExists.c:
/* */
#include <QtCore/qglobal.h>

void cmakeRequireSymbol(int dummy,...){(void)dummy;}
int main()
{
#ifndef Q_WS_X11
  cmakeRequireSymbol(0,&Q_WS_X11);
#endif
  return 0;
}

Determining if the Q_WS_WIN exist failed with the following output:
/usr/bin/make -f CMakeFiles/cmTryCompileExec.dir/build.make CMakeFiles/cmTryCompileExec.dir/build
/sw/bin/cmake -E cmake_progress_report /Users/ekeberg/programs/Qt/Look/build/CMakeFiles/CMakeTmp/CMakeFiles 1
Building C object CMakeFiles/cmTryCompileExec.dir/CheckSymbolExists.o
/usr/bin/gcc   -o CMakeFiles/cmTryCompileExec.dir/CheckSymbolExists.o   -c /Users/ekeberg/programs/Qt/Look/build/CMakeFiles/CMakeTmp/CheckSymbolExists.c
/Users/ekeberg/programs/Qt/Look/build/CMakeFiles/CMakeTmp/CheckSymbolExists.c: In function 'main':
/Users/ekeberg/programs/Qt/Look/build/CMakeFiles/CMakeTmp/CheckSymbolExists.c:8: error: 'Q_WS_WIN' undeclared (first use in this function)
/Users/ekeberg/programs/Qt/Look/build/CMakeFiles/CMakeTmp/CheckSymbolExists.c:8: error: (Each undeclared identifier is reported only once
/Users/ekeberg/programs/Qt/Look/build/CMakeFiles/CMakeTmp/CheckSymbolExists.c:8: error: for each function it appears in.)
make[1]: *** [CMakeFiles/cmTryCompileExec.dir/CheckSymbolExists.o] Error 1
make: *** [cmTryCompileExec/fast] Error 2

File /Users/ekeberg/programs/Qt/Look/build/CMakeFiles/CMakeTmp/CheckSymbolExists.c:
/* */
#include <QtCore/qglobal.h>

void cmakeRequireSymbol(int dummy,...){(void)dummy;}
int main()
{
#ifndef Q_WS_WIN
  cmakeRequireSymbol(0,&Q_WS_WIN);
#endif
  return 0;
}

Determining if the Q_WS_WIN exist failed with the following output:
/usr/bin/make -f CMakeFiles/cmTryCompileExec.dir/build.make CMakeFiles/cmTryCompileExec.dir/build
make[1]: Entering directory `/home/tomas/work/programs/Look/build/CMakeFiles/CMakeTmp'
/usr/bin/cmake -E cmake_progress_report /home/tomas/work/programs/Look/build/CMakeFiles/CMakeTmp/CMakeFiles 1
Building C object CMakeFiles/cmTryCompileExec.dir/CheckSymbolExists.o
/usr/bin/gcc  -I/usr/include/qt4   -o CMakeFiles/cmTryCompileExec.dir/CheckSymbolExists.o   -c /home/tomas/work/programs/Look/build/CMakeFiles/CMakeTmp/CheckSymbolExists.c
/home/tomas/work/programs/Look/build/CMakeFiles/CMakeTmp/CheckSymbolExists.c: In function 'main':
/home/tomas/work/programs/Look/build/CMakeFiles/CMakeTmp/CheckSymbolExists.c:8: error: 'Q_WS_WIN' undeclared (first use in this function)
/home/tomas/work/programs/Look/build/CMakeFiles/CMakeTmp/CheckSymbolExists.c:8: error: (Each undeclared identifier is reported only once
/home/tomas/work/programs/Look/build/CMakeFiles/CMakeTmp/CheckSymbolExists.c:8: error: for each function it appears in.)
make[1]: *** [CMakeFiles/cmTryCompileExec.dir/CheckSymbolExists.o] Fel 1
make[1]: Leaving directory `/home/tomas/work/programs/Look/build/CMakeFiles/CMakeTmp'
make: *** [cmTryCompileExec/fast] Fel 2

File /home/tomas/work/programs/Look/build/CMakeFiles/CMakeTmp/CheckSymbolExists.c:
/* */
#include <QtCore/qglobal.h>

void cmakeRequireSymbol(int dummy,...){(void)dummy;}
int main()
{
#ifndef Q_WS_WIN
  cmakeRequireSymbol(0,&Q_WS_WIN);
#endif
  return 0;
}

Determining if the Q_WS_QWS exist failed with the following output:
/usr/bin/make -f CMakeFiles/cmTryCompileExec.dir/build.make CMakeFiles/cmTryCompileExec.dir/build
make[1]: Entering directory `/home/tomas/work/programs/Look/build/CMakeFiles/CMakeTmp'
/usr/bin/cmake -E cmake_progress_report /home/tomas/work/programs/Look/build/CMakeFiles/CMakeTmp/CMakeFiles 1
Building C object CMakeFiles/cmTryCompileExec.dir/CheckSymbolExists.o
/usr/bin/gcc  -I/usr/include/qt4   -o CMakeFiles/cmTryCompileExec.dir/CheckSymbolExists.o   -c /home/tomas/work/programs/Look/build/CMakeFiles/CMakeTmp/CheckSymbolExists.c
/home/tomas/work/programs/Look/build/CMakeFiles/CMakeTmp/CheckSymbolExists.c: In function 'main':
/home/tomas/work/programs/Look/build/CMakeFiles/CMakeTmp/CheckSymbolExists.c:8: error: 'Q_WS_QWS' undeclared (first use in this function)
/home/tomas/work/programs/Look/build/CMakeFiles/CMakeTmp/CheckSymbolExists.c:8: error: (Each undeclared identifier is reported only once
/home/tomas/work/programs/Look/build/CMakeFiles/CMakeTmp/CheckSymbolExists.c:8: error: for each function it appears in.)
make[1]: *** [CMakeFiles/cmTryCompileExec.dir/CheckSymbolExists.o] Fel 1
make[1]: Leaving directory `/home/tomas/work/programs/Look/build/CMakeFiles/CMakeTmp'
make: *** [cmTryCompileExec/fast] Fel 2

File /home/tomas/work/programs/Look/build/CMakeFiles/CMakeTmp/CheckSymbolExists.c:
/* */
#include <QtCore/qglobal.h>

void cmakeRequireSymbol(int dummy,...){(void)dummy;}
int main()
{
#ifndef Q_WS_QWS
  cmakeRequireSymbol(0,&Q_WS_QWS);
#endif
  return 0;
}

Determining if the Q_WS_MAC exist failed with the following output:
/usr/bin/make -f CMakeFiles/cmTryCompileExec.dir/build.make CMakeFiles/cmTryCompileExec.dir/build
make[1]: Entering directory `/home/tomas/work/programs/Look/build/CMakeFiles/CMakeTmp'
/usr/bin/cmake -E cmake_progress_report /home/tomas/work/programs/Look/build/CMakeFiles/CMakeTmp/CMakeFiles 1
Building C object CMakeFiles/cmTryCompileExec.dir/CheckSymbolExists.o
/usr/bin/gcc  -I/usr/include/qt4   -o CMakeFiles/cmTryCompileExec.dir/CheckSymbolExists.o   -c /home/tomas/work/programs/Look/build/CMakeFiles/CMakeTmp/CheckSymbolExists.c
/home/tomas/work/programs/Look/build/CMakeFiles/CMakeTmp/CheckSymbolExists.c: In function 'main':
/home/tomas/work/programs/Look/build/CMakeFiles/CMakeTmp/CheckSymbolExists.c:8: error: 'Q_WS_MAC' undeclared (first use in this function)
/home/tomas/work/programs/Look/build/CMakeFiles/CMakeTmp/CheckSymbolExists.c:8: error: (Each undeclared identifier is reported only once
/home/tomas/work/programs/Look/build/CMakeFiles/CMakeTmp/CheckSymbolExists.c:8: error: for each function it appears in.)
make[1]: *** [CMakeFiles/cmTryCompileExec.dir/CheckSymbolExists.o] Fel 1
make[1]: Leaving directory `/home/tomas/work/programs/Look/build/CMakeFiles/CMakeTmp'
make: *** [cmTryCompileExec/fast] Fel 2

File /home/tomas/work/programs/Look/build/CMakeFiles/CMakeTmp/CheckSymbolExists.c:
/* */
#include <QtCore/qglobal.h>

void cmakeRequireSymbol(int dummy,...){(void)dummy;}
int main()
{
#ifndef Q_WS_MAC
  cmakeRequireSymbol(0,&Q_WS_MAC);
#endif
  return 0;
}

Determining if the Q_WS_X11 exist failed with the following output:
/usr/bin/make -f CMakeFiles/cmTryCompileExec.dir/build.make CMakeFiles/cmTryCompileExec.dir/build
/sw/bin/cmake -E cmake_progress_report /Users/ekeberg/programs/Qt/Look/build/CMakeFiles/CMakeTmp/CMakeFiles 1
Building C object CMakeFiles/cmTryCompileExec.dir/CheckSymbolExists.o
/usr/bin/gcc   -o CMakeFiles/cmTryCompileExec.dir/CheckSymbolExists.o   -c /Users/ekeberg/programs/Qt/Look/build/CMakeFiles/CMakeTmp/CheckSymbolExists.c
/Users/ekeberg/programs/Qt/Look/build/CMakeFiles/CMakeTmp/CheckSymbolExists.c: In function 'main':
/Users/ekeberg/programs/Qt/Look/build/CMakeFiles/CMakeTmp/CheckSymbolExists.c:8: error: 'Q_WS_X11' undeclared (first use in this function)
/Users/ekeberg/programs/Qt/Look/build/CMakeFiles/CMakeTmp/CheckSymbolExists.c:8: error: (Each undeclared identifier is reported only once
/Users/ekeberg/programs/Qt/Look/build/CMakeFiles/CMakeTmp/CheckSymbolExists.c:8: error: for each function it appears in.)
make[1]: *** [CMakeFiles/cmTryCompileExec.dir/CheckSymbolExists.o] Error 1
make: *** [cmTryCompileExec/fast] Error 2

File /Users/ekeberg/programs/Qt/Look/build/CMakeFiles/CMakeTmp/CheckSymbolExists.c:
/* */
#include <QtCore/qglobal.h>

void cmakeRequireSymbol(int dummy,...){(void)dummy;}
int main()
{
#ifndef Q_WS_X11
  cmakeRequireSymbol(0,&Q_WS_X11);
#endif
  return 0;
}

Determining if the Q_WS_WIN exist failed with the following output:
/usr/bin/make -f CMakeFiles/cmTryCompileExec.dir/build.make CMakeFiles/cmTryCompileExec.dir/build
/sw/bin/cmake -E cmake_progress_report /Users/ekeberg/programs/Qt/Look/build/CMakeFiles/CMakeTmp/CMakeFiles 1
Building C object CMakeFiles/cmTryCompileExec.dir/CheckSymbolExists.o
/usr/bin/gcc   -o CMakeFiles/cmTryCompileExec.dir/CheckSymbolExists.o   -c /Users/ekeberg/programs/Qt/Look/build/CMakeFiles/CMakeTmp/CheckSymbolExists.c
/Users/ekeberg/programs/Qt/Look/build/CMakeFiles/CMakeTmp/CheckSymbolExists.c: In function 'main':
/Users/ekeberg/programs/Qt/Look/build/CMakeFiles/CMakeTmp/CheckSymbolExists.c:8: error: 'Q_WS_WIN' undeclared (first use in this function)
/Users/ekeberg/programs/Qt/Look/build/CMakeFiles/CMakeTmp/CheckSymbolExists.c:8: error: (Each undeclared identifier is reported only once
/Users/ekeberg/programs/Qt/Look/build/CMakeFiles/CMakeTmp/CheckSymbolExists.c:8: error: for each function it appears in.)
make[1]: *** [CMakeFiles/cmTryCompileExec.dir/CheckSymbolExists.o] Error 1
make: *** [cmTryCompileExec/fast] Error 2

File /Users/ekeberg/programs/Qt/Look/build/CMakeFiles/CMakeTmp/CheckSymbolExists.c:
/* */
#include <QtCore/qglobal.h>

void cmakeRequireSymbol(int dummy,...){(void)dummy;}
int main()
{
#ifndef Q_WS_WIN
  cmakeRequireSymbol(0,&Q_WS_WIN);
#endif
  return 0;
}

